<?xml version="1.0" encoding="UTF-8"?>
<!-- Generated by org.testng.reporters.JUnitReportReporter -->
<testsuite hostname="hchatha-pk" failures="0" tests="1" name="FrameworkDesignPackage.HomePage" time="11.291" errors="0" timestamp="2020-03-22T15:39:30 PDT" skipped="0">
  <testcase classname="FrameworkDesignPackage.HomePage" name="TestBasePageNavigation" time="11.291"/>
</testsuite> <!-- FrameworkDesignPackage.HomePage -->
