<?xml version="1.0" encoding="UTF-8"?>
<!-- Generated by org.testng.reporters.JUnitReportReporter -->
<testsuite hostname="hchatha-pk" failures="0" tests="1" name="testCases.ValidateTitle" time="0.082" errors="0" timestamp="2020-03-22T19:58:02 PDT" skipped="0">
  <testcase classname="testCases.ValidateTitle" name="BasePageNavigation" time="0.082"/>
</testsuite> <!-- testCases.ValidateTitle -->
