<?xml version="1.0" encoding="UTF-8"?>
<!-- Generated by org.testng.reporters.JUnitReportReporter -->
<testsuite hostname="hchatha-pk" failures="0" tests="1" name="testCases.ValidateTitle" time="4.364" errors="0" timestamp="2020-03-22T22:02:05 PDT" skipped="0">
  <testcase classname="testCases.ValidateTitle" name="BasePageNavigation" time="4.364"/>
  <system-out/>
</testsuite> <!-- testCases.ValidateTitle -->
