<?xml version="1.0" encoding="UTF-8"?>
<!-- Generated by org.testng.reporters.JUnitReportReporter -->
<testsuite hostname="hchatha-pk" failures="0" tests="2" name="testCases.HomePageTest" time="15.342" errors="0" timestamp="2020-03-22T22:02:05 PDT" skipped="0">
  <testcase classname="testCases.HomePageTest" name="TestBasePageNavigation" time="4.941"/>
  <system-out/>
  <testcase classname="testCases.HomePageTest" name="TestBasePageNavigation" time="10.401"/>
  <system-out/>
</testsuite> <!-- testCases.HomePageTest -->
